<?xml version="1.0" encoding="UTF-8" ?>
<testsuites>
 <testsuite name="Import CSV" timestamp="2016-04-01T14:14:43" hostname="localhost" time="524.258" errors="0" tests="3" skipped="0" disabled="0" failures="1">
  <testcase classname="Import CSV" name="Check if telnet is selected as global protocol " time="24.525" />
  <testcase classname="Import CSV" name="Import file" time="56.402">
   <failure type="exception" message="Failed: No element found using locator: By.xpath(&quot;//div[@class=\&quot;modal-header\&quot;]/button&quot;)"><![CDATA[NoSuchElementError: No element found using locator: By.xpath("//div[@class=\"modal-header\"]/button")
    at new bot.Error (c:\Users\nivmanoh\AppData\Roaming\npm\node_modules\protractor\node_modules\selenium-webdriver\lib\atoms\error.js:108:18)
    at c:\Users\nivmanoh\AppData\Roaming\npm\node_modules\protractor\lib\element.js:676:15
    at [object Object].promise.Promise.goog.defineClass.invokeCallback_ (c:/Users/nivmanoh/AppData/Roaming/npm/node_modules/protractor/node_modules/selenium-webdriver/lib/goog/../webdriver/promise.js:1337:14)
    at [object Object].promise.ControlFlow.goog.defineClass.goog.defineClass.abort_.error.executeNext_.execute_ (c:/Users/nivmanoh/AppData/Roaming/npm/node_modules/protractor/node_modules/selenium-webdriver/lib/goog/../webdriver/promise.js:2776:14)
    at [object Object].promise.ControlFlow.goog.defineClass.goog.defineClass.abort_.error.executeNext_ (c:/Users/nivmanoh/AppData/Roaming/npm/node_modules/protractor/node_modules/selenium-webdriver/lib/goog/../webdriver/promise.js:2758:21)
    at goog.async.run.processWorkQueue (c:\Users\nivmanoh\AppData\Roaming\npm\node_modules\protractor\node_modules\selenium-webdriver\lib\goog\async\run.js:124:15)
    at process._tickCallback (node.js:368:9)
Error
    at [object Object].ElementArrayFinder.applyAction_ (c:\Users\nivmanoh\AppData\Roaming\npm\node_modules\protractor\lib\element.js:382:21)
    at [object Object].ElementArrayFinder.(anonymous function) [as click] (c:\Users\nivmanoh\AppData\Roaming\npm\node_modules\protractor\lib\element.js:78:17)
    at [object Object].ElementFinder.(anonymous function) [as click] (c:\Users\nivmanoh\AppData\Roaming\npm\node_modules\protractor\lib\element.js:711:7)
    at [object Object].importCSV (c:\Users\nivmanoh\Documents\SourceTree\apolloStandaloneAutomation\standalone automaton\POM\deviceTab.js:104:66)
    at Object.<anonymous> (c:\Users\nivmanoh\Documents\SourceTree\apolloStandaloneAutomation\standalone automaton\spec\devices\import_spec.js:28:19)
    at c:\Users\nivmanoh\AppData\Roaming\npm\node_modules\protractor\node_modules\jasminewd2\index.js:96:23
    at [object Object].promise.Promise.goog.defineClass.constructor (c:/Users/nivmanoh/AppData/Roaming/npm/node_modules/protractor/node_modules/selenium-webdriver/lib/goog/../webdriver/promise.js:1056:7)
    at new wrappedCtr (c:\Users\nivmanoh\AppData\Roaming\npm\node_modules\protractor\node_modules\selenium-webdriver\lib\goog\base.js:2468:26)
    at controlFlowExecute (c:\Users\nivmanoh\AppData\Roaming\npm\node_modules\protractor\node_modules\jasminewd2\index.js:82:18)
    at [object Object].promise.ControlFlow.goog.defineClass.goog.defineClass.abort_.error.executeNext_.execute_ (c:/Users/nivmanoh/AppData/Roaming/npm/node_modules/protractor/node_modules/selenium-webdriver/lib/goog/../webdriver/promise.js:2776:14)
From: Task: Run it("Import file") in control flow
    at Object.<anonymous> (c:\Users\nivmanoh\AppData\Roaming\npm\node_modules\protractor\node_modules\jasminewd2\index.js:81:14)
    at attemptAsync (c:\Users\nivmanoh\AppData\Roaming\npm\node_modules\protractor\node_modules\jasmine\node_modules\jasmine-core\lib\jasmine-core\jasmine.js:1819:24)
    at QueueRunner.run (c:\Users\nivmanoh\AppData\Roaming\npm\node_modules\protractor\node_modules\jasmine\node_modules\jasmine-core\lib\jasmine-core\jasmine.js:1774:9)
    at c:\Users\nivmanoh\AppData\Roaming\npm\node_modules\protractor\node_modules\jasmine\node_modules\jasmine-core\lib\jasmine-core\jasmine.js:1801:16
    at c:\Users\nivmanoh\AppData\Roaming\npm\node_modules\protractor\node_modules\jasmine\node_modules\jasmine-core\lib\jasmine-core\jasmine.js:1745:9
    at c:\Users\nivmanoh\AppData\Roaming\npm\node_modules\protractor\node_modules\jasminewd2\index.js:18:5
    at [object Object].promise.Promise.goog.defineClass.invokeCallback_ (c:/Users/nivmanoh/AppData/Roaming/npm/node_modules/protractor/node_modules/selenium-webdriver/lib/goog/../webdriver/promise.js:1337:14)
    at [object Object].promise.ControlFlow.goog.defineClass.goog.defineClass.abort_.error.executeNext_.execute_ (c:/Users/nivmanoh/AppData/Roaming/npm/node_modules/protractor/node_modules/selenium-webdriver/lib/goog/../webdriver/promise.js:2776:14)
    at [object Object].promise.ControlFlow.goog.defineClass.goog.defineClass.abort_.error.executeNext_ (c:/Users/nivmanoh/AppData/Roaming/npm/node_modules/protractor/node_modules/selenium-webdriver/lib/goog/../webdriver/promise.js:2758:21)
    at goog.async.run.processWorkQueue (c:\Users\nivmanoh\AppData\Roaming\npm\node_modules\protractor\node_modules\selenium-webdriver\lib\goog\async\run.js:124:15)
From asynchronous test: 
Error
    at Suite.<anonymous> (c:\Users\nivmanoh\Documents\SourceTree\apolloStandaloneAutomation\standalone automaton\spec\devices\import_spec.js:25:5)
    at addSpecsToSuite (c:\Users\nivmanoh\AppData\Roaming\npm\node_modules\protractor\node_modules\jasmine\node_modules\jasmine-core\lib\jasmine-core\jasmine.js:743:25)
    at Env.describe (c:\Users\nivmanoh\AppData\Roaming\npm\node_modules\protractor\node_modules\jasmine\node_modules\jasmine-core\lib\jasmine-core\jasmine.js:713:7)
    at jasmineInterface.describe (c:\Users\nivmanoh\AppData\Roaming\npm\node_modules\protractor\node_modules\jasmine\node_modules\jasmine-core\lib\jasmine-core\jasmine.js:3219:18)
    at Object.<anonymous> (c:\Users\nivmanoh\Documents\SourceTree\apolloStandaloneAutomation\standalone automaton\spec\devices\import_spec.js:12:1)
    at Module._compile (module.js:410:26)
    at Object.Module._extensions..js (module.js:417:10)
    at Module.load (module.js:344:32)
    at Function.Module._load (module.js:301:12)]]>
   </failure>
  </testcase>
  <testcase classname="Import CSV" name="Import  file Check" time="443.319" />
 </testsuite>
 <testsuite name="Export from CSV" timestamp="2016-04-01T14:23:28" hostname="localhost" time="431.859" errors="0" tests="10" skipped="0" disabled="0" failures="0">
  <testcase classname="Export from CSV" name="Export file" time="37.007" />
  <testcase classname="Export from CSV" name="Export file" time="207.288" />
  <testcase classname="Export from CSV" name="Export file DownloadIP / Hostname" time="37.217" />
  <testcase classname="Export from CSV" name="Export file Compare IP / Hostname" time="10.015" />
  <testcase classname="Export from CSV" name="Export file DownloadDevice Name" time="36.894" />
  <testcase classname="Export from CSV" name="Export file Compare Device Name" time="10.008" />
  <testcase classname="Export from CSV" name="Export file DownloadLocation" time="36.546" />
  <testcase classname="Export from CSV" name="Export file Compare Location" time="10.007" />
  <testcase classname="Export from CSV" name="Export file DownloadRecently Accessed" time="36.869" />
  <testcase classname="Export from CSV" name="Export file Compare Recently Accessed" time="10.003" />
 </testsuite>
 <testsuite name="Select all icon" timestamp="2016-04-01T14:30:39" hostname="localhost" time="36.906" errors="0" tests="2" skipped="0" disabled="0" failures="0">
  <testcase classname="Select all icon" name="Select All" time="18.434" />
  <testcase classname="Select all icon" name="Select None" time="18.47" />
 </testsuite>
 <testsuite name="Filter" timestamp="2016-04-01T14:31:16" hostname="localhost" time="156.627" errors="0" tests="4" skipped="0" disabled="0" failures="0">
  <testcase classname="Filter" name="Filter Checker -Tag" time="41.053" />
  <testcase classname="Filter" name="Filter Checker -No Tags" time="51.332" />
  <testcase classname="Filter" name="Filter Checker -Favorites" time="32.091" />
  <testcase classname="Filter" name="Filter Checker -No Favorites" time="32.149" />
 </testsuite>
 <testsuite name="Sorting" timestamp="2016-04-01T14:33:53" hostname="localhost" time="247.271" errors="0" tests="6" skipped="0" disabled="0" failures="0">
  <testcase classname="Sorting" name="Ascending CheckIP/Hostname" time="41.397" />
  <testcase classname="Sorting" name="Descending Check - IP/Hostname" time="41.236" />
  <testcase classname="Sorting" name="Ascending CheckDevice Name " time="41.144" />
  <testcase classname="Sorting" name="Descending Check - Device Name " time="41.509" />
  <testcase classname="Sorting" name="Ascending CheckLocation " time="41.173" />
  <testcase classname="Sorting" name="Descending Check - Location " time="40.807" />
 </testsuite>
 <testsuite name="AP-1193" timestamp="2016-04-01T14:38:00" hostname="localhost" time="93.836" errors="0" tests="9" skipped="0" disabled="0" failures="0">
  <testcase classname="AP-1193" name="Header Menu : ElementPresent" time="10.869" />
  <testcase classname="AP-1193" name="Header Toolbar: ElementPresent" time="10.504" />
  <testcase classname="AP-1193" name="Quick Connect Toolbar: ElementPresent" time="10.355" />
  <testcase classname="AP-1193" name="Recent Connection Toolbar: ElementPresent" time="10.189" />
  <testcase classname="AP-1193" name="Search Toolbar: ElementPresent" time="10.267" />
  <testcase classname="AP-1193" name="Smart Toolbar: ElementPresent" time="10.53" />
  <testcase classname="AP-1193" name="Filter Toolbar: ElementPresent" time="10.498" />
  <testcase classname="AP-1193" name="Switch Input Toolbar: ElementPresent" time="10.237" />
  <testcase classname="AP-1193" name="Sort Toolbar: ElementPresent" time="10.385" />
 </testsuite>
 <testsuite name="Add Device tests" timestamp="2016-04-01T14:39:34" hostname="localhost" time="477.377" errors="0" tests="13" skipped="0" disabled="0" failures="1">
  <testcase classname="Add Device tests" name="Check if Enhanced Login Flow is ON " time="17.073" />
  <testcase classname="Add Device tests" name="Device Page_Add Device" time="34.973" />
  <testcase classname="Add Device tests" name="Verify Connection through SmartCard Mandate Hostanme" time="79.607" />
  <testcase classname="Add Device tests" name="Verify if Recent List gets updated : Latest connection Mandate Hostanme" time="10.274" />
  <testcase classname="Add Device tests" name="Delete Device - Mandate Hostanme" time="25.451" />
  <testcase classname="Add Device tests" name="Device Page_Add Device" time="55.028" />
  <testcase classname="Add Device tests" name="Verify Connection through SmartCard All feilds" time="71.04" />
  <testcase classname="Add Device tests" name="Verify if Recent List gets updated : Latest connection All feilds" time="10.422">
   <failure type="toBe" message="Expected &apos;TestDeviceCisco&apos; to be &apos;172.18.194.79&apos;."><![CDATA[Error: Failed expectation
    at c:\Users\nivmanoh\Documents\SourceTree\apolloStandaloneAutomation\standalone automaton\spec\devices\addDevice_spec.js:118:34
    at [object Object].promise.Promise.goog.defineClass.invokeCallback_ (c:/Users/nivmanoh/AppData/Roaming/npm/node_modules/protractor/node_modules/selenium-webdriver/lib/goog/../webdriver/promise.js:1337:14)
    at [object Object].promise.ControlFlow.goog.defineClass.goog.defineClass.abort_.error.executeNext_.execute_ (c:/Users/nivmanoh/AppData/Roaming/npm/node_modules/protractor/node_modules/selenium-webdriver/lib/goog/../webdriver/promise.js:2776:14)
    at [object Object].promise.ControlFlow.goog.defineClass.goog.defineClass.abort_.error.executeNext_ (c:/Users/nivmanoh/AppData/Roaming/npm/node_modules/protractor/node_modules/selenium-webdriver/lib/goog/../webdriver/promise.js:2758:21)
    at goog.async.run.processWorkQueue (c:\Users\nivmanoh\AppData\Roaming\npm\node_modules\protractor\node_modules\selenium-webdriver\lib\goog\async\run.js:124:15)
    at process._tickCallback (node.js:368:9)]]>
   </failure>
  </testcase>
  <testcase classname="Add Device tests" name="Delete Device - All feilds" time="25.832" />
  <testcase classname="Add Device tests" name="Device Page_Add Device" time="34.888" />
  <testcase classname="Add Device tests" name="Verify Connection through SmartCard Mandate" time="76.227" />
  <testcase classname="Add Device tests" name="Verify if Recent List gets updated : Latest connection Mandate" time="10.623" />
  <testcase classname="Add Device tests" name="Delete Device - Mandate" time="25.932" />
 </testsuite>
 <testsuite name="Recent + Quick" timestamp="2016-04-01T14:47:31" hostname="localhost" time="248.191" errors="0" tests="8" skipped="0" disabled="0" failures="4">
  <testcase classname="Recent + Quick" name="Check if Enhanced Login Flow is ON " time="16.731" />
  <testcase classname="Recent + Quick" name="Verify if device gets added through Quick Connection 172.18.194.56" time="64.336">
   <failure type="toEqual" message="Expected &apos;23&apos; to equal &apos;22&apos;."><![CDATA[Error: Failed expectation
    at Object.<anonymous> (c:\Users\nivmanoh\Documents\SourceTree\apolloStandaloneAutomation\standalone automaton\spec\devices\QuickRecent_spec.js:56:46)
    at c:\Users\nivmanoh\AppData\Roaming\npm\node_modules\protractor\node_modules\jasminewd2\index.js:96:23
    at [object Object].promise.Promise.goog.defineClass.constructor (c:/Users/nivmanoh/AppData/Roaming/npm/node_modules/protractor/node_modules/selenium-webdriver/lib/goog/../webdriver/promise.js:1056:7)
    at new wrappedCtr (c:\Users\nivmanoh\AppData\Roaming\npm\node_modules\protractor\node_modules\selenium-webdriver\lib\goog\base.js:2468:26)
    at controlFlowExecute (c:\Users\nivmanoh\AppData\Roaming\npm\node_modules\protractor\node_modules\jasminewd2\index.js:82:18)
    at [object Object].promise.ControlFlow.goog.defineClass.goog.defineClass.abort_.error.executeNext_.execute_ (c:/Users/nivmanoh/AppData/Roaming/npm/node_modules/protractor/node_modules/selenium-webdriver/lib/goog/../webdriver/promise.js:2776:14)
    at [object Object].promise.ControlFlow.goog.defineClass.goog.defineClass.abort_.error.executeNext_ (c:/Users/nivmanoh/AppData/Roaming/npm/node_modules/protractor/node_modules/selenium-webdriver/lib/goog/../webdriver/promise.js:2758:21)
    at goog.async.run.processWorkQueue (c:\Users\nivmanoh\AppData\Roaming\npm\node_modules\protractor\node_modules\selenium-webdriver\lib\goog\async\run.js:124:15)]]>
   </failure>
   <failure type="toEqual" message="Expected &apos;Telnet&apos; to equal &apos;SSH&apos;."><![CDATA[Error: Failed expectation
    at Object.<anonymous> (c:\Users\nivmanoh\Documents\SourceTree\apolloStandaloneAutomation\standalone automaton\spec\devices\QuickRecent_spec.js:58:56)
    at c:\Users\nivmanoh\AppData\Roaming\npm\node_modules\protractor\node_modules\jasminewd2\index.js:96:23
    at [object Object].promise.Promise.goog.defineClass.constructor (c:/Users/nivmanoh/AppData/Roaming/npm/node_modules/protractor/node_modules/selenium-webdriver/lib/goog/../webdriver/promise.js:1056:7)
    at new wrappedCtr (c:\Users\nivmanoh\AppData\Roaming\npm\node_modules\protractor\node_modules\selenium-webdriver\lib\goog\base.js:2468:26)
    at controlFlowExecute (c:\Users\nivmanoh\AppData\Roaming\npm\node_modules\protractor\node_modules\jasminewd2\index.js:82:18)
    at [object Object].promise.ControlFlow.goog.defineClass.goog.defineClass.abort_.error.executeNext_.execute_ (c:/Users/nivmanoh/AppData/Roaming/npm/node_modules/protractor/node_modules/selenium-webdriver/lib/goog/../webdriver/promise.js:2776:14)
    at [object Object].promise.ControlFlow.goog.defineClass.goog.defineClass.abort_.error.executeNext_ (c:/Users/nivmanoh/AppData/Roaming/npm/node_modules/protractor/node_modules/selenium-webdriver/lib/goog/../webdriver/promise.js:2758:21)
    at goog.async.run.processWorkQueue (c:\Users\nivmanoh\AppData\Roaming\npm\node_modules\protractor\node_modules\selenium-webdriver\lib\goog\async\run.js:124:15)]]>
   </failure>
  </testcase>
  <testcase classname="Recent + Quick" name="Verify if Recent List gets updated : Latest connection 172.18.194.56" time="10.537" />
  <testcase classname="Recent + Quick" name="Verify Connection through SmartCard172.18.194.56" time="55.078" />
  <testcase classname="Recent + Quick" name="Verify the recent List if it duplicates172.18.194.56" time="10.384">
   <failure type="toBeFalsy" message="Expected true to be falsy."><![CDATA[Error: Failed expectation
    at c:\Users\nivmanoh\Documents\SourceTree\apolloStandaloneAutomation\standalone automaton\spec\devices\QuickRecent_spec.js:115:37
    at [object Object].promise.Promise.goog.defineClass.invokeCallback_ (c:/Users/nivmanoh/AppData/Roaming/npm/node_modules/protractor/node_modules/selenium-webdriver/lib/goog/../webdriver/promise.js:1337:14)
    at [object Object].promise.ControlFlow.goog.defineClass.goog.defineClass.abort_.error.executeNext_.execute_ (c:/Users/nivmanoh/AppData/Roaming/npm/node_modules/protractor/node_modules/selenium-webdriver/lib/goog/../webdriver/promise.js:2776:14)
    at [object Object].promise.ControlFlow.goog.defineClass.goog.defineClass.abort_.error.executeNext_ (c:/Users/nivmanoh/AppData/Roaming/npm/node_modules/protractor/node_modules/selenium-webdriver/lib/goog/../webdriver/promise.js:2758:21)
    at goog.async.run.processWorkQueue (c:\Users\nivmanoh\AppData\Roaming\npm\node_modules\protractor\node_modules\selenium-webdriver\lib\goog\async\run.js:124:15)
    at process._tickCallback (node.js:368:9)]]>
   </failure>
  </testcase>
  <testcase classname="Recent + Quick" name="Verify the Connection through recentList172.18.194.56" time="54.961" />
  <testcase classname="Recent + Quick" name="Verify the recent List if it duplicates172.18.194.56" time="10.311">
   <failure type="toBeFalsy" message="Expected true to be falsy."><![CDATA[Error: Failed expectation
    at c:\Users\nivmanoh\Documents\SourceTree\apolloStandaloneAutomation\standalone automaton\spec\devices\QuickRecent_spec.js:160:37
    at [object Object].promise.Promise.goog.defineClass.invokeCallback_ (c:/Users/nivmanoh/AppData/Roaming/npm/node_modules/protractor/node_modules/selenium-webdriver/lib/goog/../webdriver/promise.js:1337:14)
    at [object Object].promise.ControlFlow.goog.defineClass.goog.defineClass.abort_.error.executeNext_.execute_ (c:/Users/nivmanoh/AppData/Roaming/npm/node_modules/protractor/node_modules/selenium-webdriver/lib/goog/../webdriver/promise.js:2776:14)
    at [object Object].promise.ControlFlow.goog.defineClass.goog.defineClass.abort_.error.executeNext_ (c:/Users/nivmanoh/AppData/Roaming/npm/node_modules/protractor/node_modules/selenium-webdriver/lib/goog/../webdriver/promise.js:2758:21)
    at goog.async.run.processWorkQueue (c:\Users\nivmanoh\AppData\Roaming\npm\node_modules\protractor\node_modules\selenium-webdriver\lib\goog\async\run.js:124:15)
    at process._tickCallback (node.js:368:9)]]>
   </failure>
  </testcase>
  <testcase classname="Recent + Quick" name="Delete Device - 172.18.194.56" time="25.848" />
 </testsuite>
 <testsuite name="Add Device tests" timestamp="2016-04-01T14:51:40" hostname="localhost" time="308.838" errors="0" tests="16" skipped="0" disabled="0" failures="0">
  <testcase classname="Add Device tests" name="Device Page_Add Device" time="34.358" />
  <testcase classname="Add Device tests" name="verify Tag in edit modal" time="20.775" />
  <testcase classname="Add Device tests" name="verify Tag updation in edit modal" time="12.256" />
  <testcase classname="Add Device tests" name="Delete Tag" time="14.839" />
  <testcase classname="Add Device tests" name="Add Tag in Bulk Action" time="21.391" />
  <testcase classname="Add Device tests" name="verify Tag updation in edit modal" time="12.418" />
  <testcase classname="Add Device tests" name="Delete Tag Modal" time="15.605" />
  <testcase classname="Add Device tests" name="Delete Device - Mandate Hostanme" time="12.514" />
  <testcase classname="Add Device tests" name="Device Page_Add Device" time="54.973" />
  <testcase classname="Add Device tests" name="verify Tag in edit modal" time="20.92" />
  <testcase classname="Add Device tests" name="verify Tag updation in edit modal" time="12.125" />
  <testcase classname="Add Device tests" name="Delete Tag" time="14.594" />
  <testcase classname="Add Device tests" name="Add Tag in Bulk Action" time="22.031" />
  <testcase classname="Add Device tests" name="verify Tag updation in edit modal" time="12.024" />
  <testcase classname="Add Device tests" name="Delete Tag Modal" time="15.738" />
  <testcase classname="Add Device tests" name="Delete Device - All feilds" time="12.272" />
 </testsuite>
</testsuites>