<html><head><title>Protractor Test Report</title><style> #td-table, tr, td {     font-family: "Trebuchet MS", Arial, Helvetica, sans-serif;     width: 95%;     text-align: left;     border-collapse: collapse;     font-size: small;     border: 1px solid #000000;     padding: 9px;     background-color: #CFD8DC;     margin: 10px auto;   }   #td-table-header {     font-size: 1em;     border: 1px solid #000000;     padding: 9px;     background-color: #607D8B;     color: white;  }   #td-table-spec {     background-color: #90A4AE;     color: black;   }   #td-table-test-pass {     background-color: #009688;     color: white;   }   #td-table-test-fail {     background-color: #F7464A;     color: white;   }   #td-table-test-skip {     background-color: #FFEB3B;     color: black;   }   #ts-table, #tr-ts-table, #td-ts-table {     font-family: "Trebuchet MS", Arial, Helvetica, sans-serif;     width: 95%;     text-align: left;     font-size: small;     border: none;     padding: 9px;     margin: 10px auto;     background-color: white   }   #div-ts-table {     text-align: center;     outline: thin solid;     padding: 9px;     background: #CFD8DC;     font-size: medium;   }   #stacked-bar-chart {     width: 600px;     height: 300px;   }   li {     padding-top:0px;     list-style-type: none;     font-family: "Trebuchet MS", Arial, Helvetica, sans-serif;     font-size: small;     padding: 7px;   } </style><script type="text/javascript" src="https://www.google.com/jsapi"></script>   <script type="text/javascript">     google.load("visualization", "1", {packages:["corechart"]});     google.setOnLoadCallback(drawChart);     function drawChart() {       var data = google.visualization.arrayToDataTable([         ["Genre", "Passed", "Failed", "Skipped"], ["Import CSV",2,1,0],["Export from CSV",10,0,0],["Select all icon",2,0,0],["Filter",4,0,0],["Sorting",6,0,0],["AP-1193",9,0,0],["Add Device tests",12,1,0],["Recent + Quick",4,4,0],["Add Device tests",16,0,0]]);       var options = {         width: 600,         height: 300,         legend: { position: "top", maxLines: 3 },         bar: { groupWidth: "50%" },         isStacked: true,         colors: [ "#009688", "#B71C1C", "#FFEB3B"]       };     var chart = new google.visualization.BarChart(document.getElementById("stacked-bar-chart"));     chart.draw(data, options);     }   </script></head><body><table id="ts-table"><tr id="tr-ts-table"><th colspan=2><div id="div-ts-table">Test Execution Report</div></th></tr><tr id="tr-ts-table"><td id="td-ts-table"><div><li><b>Test Start:</b> 2016-04-01T14:14:43</li><li><b>Total Tests:</b> 71</li><li><b>Pass Rate:</b> 91.5% </li><li><b>Execution Duration:</b> 2525.163 Secs</li></ul></div></td><td id="td-ts-table" rowspan=2><div id="stacked-bar-chart"></div></td></tr></table><table id="td-table"><tr><th id="td-table-header">Spec Description</th>     <th id="td-table-header">Status</th>     <th id="td-table-header">Details</th></tr><tr><td id="td-table-spec" colspan=3>Import CSV</td></tr><tr><td>Check if telnet is selected as global protocol <td id="td-table-test-pass">Passed</td><td></td></tr><tr><td>Import file<td id="td-table-test-fail">Failed</td><td><failure type="exception" message="Failed: No element found using locator: By.xpath(&quot;//div[@class=\&quot;modal-header\&quot;]/button&quot;)">NoSuchElementError: No element found using locator: By.xpath(&quot;//div[@class=\&quot;modal-header\&quot;]/button&quot;)
    at new bot.Error (c:\Users\nivmanoh\AppData\Roaming\npm\node_modules\protractor\node_modules\selenium-webdriver\lib\atoms\error.js:108:18)
    at c:\Users\nivmanoh\AppData\Roaming\npm\node_modules\protractor\lib\element.js:676:15
    at [object Object].promise.Promise.goog.defineClass.invokeCallback_ (c:/Users/nivmanoh/AppData/Roaming/npm/node_modules/protractor/node_modules/selenium-webdriver/lib/goog/../webdriver/promise.js:1337:14)
    at [object Object].promise.ControlFlow.goog.defineClass.goog.defineClass.abort_.error.executeNext_.execute_ (c:/Users/nivmanoh/AppData/Roaming/npm/node_modules/protractor/node_modules/selenium-webdriver/lib/goog/../webdriver/promise.js:2776:14)
    at [object Object].promise.ControlFlow.goog.defineClass.goog.defineClass.abort_.error.executeNext_ (c:/Users/nivmanoh/AppData/Roaming/npm/node_modules/protractor/node_modules/selenium-webdriver/lib/goog/../webdriver/promise.js:2758:21)
    at goog.async.run.processWorkQueue (c:\Users\nivmanoh\AppData\Roaming\npm\node_modules\protractor\node_modules\selenium-webdriver\lib\goog\async\run.js:124:15)
    at process._tickCallback (node.js:368:9)
Error
    at [object Object].ElementArrayFinder.applyAction_ (c:\Users\nivmanoh\AppData\Roaming\npm\node_modules\protractor\lib\element.js:382:21)
    at [object Object].ElementArrayFinder.(anonymous function) [as click] (c:\Users\nivmanoh\AppData\Roaming\npm\node_modules\protractor\lib\element.js:78:17)
    at [object Object].ElementFinder.(anonymous function) [as click] (c:\Users\nivmanoh\AppData\Roaming\npm\node_modules\protractor\lib\element.js:711:7)
    at [object Object].importCSV (c:\Users\nivmanoh\Documents\SourceTree\apolloStandaloneAutomation\standalone automaton\POM\deviceTab.js:104:66)
    at Object.&amp;lt;anonymous&amp;gt; (c:\Users\nivmanoh\Documents\SourceTree\apolloStandaloneAutomation\standalone automaton\spec\devices\import_spec.js:28:19)
    at c:\Users\nivmanoh\AppData\Roaming\npm\node_modules\protractor\node_modules\jasminewd2\index.js:96:23
    at [object Object].promise.Promise.goog.defineClass.constructor (c:/Users/nivmanoh/AppData/Roaming/npm/node_modules/protractor/node_modules/selenium-webdriver/lib/goog/../webdriver/promise.js:1056:7)
    at new wrappedCtr (c:\Users\nivmanoh\AppData\Roaming\npm\node_modules\protractor\node_modules\selenium-webdriver\lib\goog\base.js:2468:26)
    at controlFlowExecute (c:\Users\nivmanoh\AppData\Roaming\npm\node_modules\protractor\node_modules\jasminewd2\index.js:82:18)
    at [object Object].promise.ControlFlow.goog.defineClass.goog.defineClass.abort_.error.executeNext_.execute_ (c:/Users/nivmanoh/AppData/Roaming/npm/node_modules/protractor/node_modules/selenium-webdriver/lib/goog/../webdriver/promise.js:2776:14)
From: Task: Run it(&quot;Import file&quot;) in control flow
    at Object.&amp;lt;anonymous&amp;gt; (c:\Users\nivmanoh\AppData\Roaming\npm\node_modules\protractor\node_modules\jasminewd2\index.js:81:14)
    at attemptAsync (c:\Users\nivmanoh\AppData\Roaming\npm\node_modules\protractor\node_modules\jasmine\node_modules\jasmine-core\lib\jasmine-core\jasmine.js:1819:24)
    at QueueRunner.run (c:\Users\nivmanoh\AppData\Roaming\npm\node_modules\protractor\node_modules\jasmine\node_modules\jasmine-core\lib\jasmine-core\jasmine.js:1774:9)
    at c:\Users\nivmanoh\AppData\Roaming\npm\node_modules\protractor\node_modules\jasmine\node_modules\jasmine-core\lib\jasmine-core\jasmine.js:1801:16
    at c:\Users\nivmanoh\AppData\Roaming\npm\node_modules\protractor\node_modules\jasmine\node_modules\jasmine-core\lib\jasmine-core\jasmine.js:1745:9
    at c:\Users\nivmanoh\AppData\Roaming\npm\node_modules\protractor\node_modules\jasminewd2\index.js:18:5
    at [object Object].promise.Promise.goog.defineClass.invokeCallback_ (c:/Users/nivmanoh/AppData/Roaming/npm/node_modules/protractor/node_modules/selenium-webdriver/lib/goog/../webdriver/promise.js:1337:14)
    at [object Object].promise.ControlFlow.goog.defineClass.goog.defineClass.abort_.error.executeNext_.execute_ (c:/Users/nivmanoh/AppData/Roaming/npm/node_modules/protractor/node_modules/selenium-webdriver/lib/goog/../webdriver/promise.js:2776:14)
    at [object Object].promise.ControlFlow.goog.defineClass.goog.defineClass.abort_.error.executeNext_ (c:/Users/nivmanoh/AppData/Roaming/npm/node_modules/protractor/node_modules/selenium-webdriver/lib/goog/../webdriver/promise.js:2758:21)
    at goog.async.run.processWorkQueue (c:\Users\nivmanoh\AppData\Roaming\npm\node_modules\protractor\node_modules\selenium-webdriver\lib\goog\async\run.js:124:15)
From asynchronous test: 
Error
    at Suite.&amp;lt;anonymous&amp;gt; (c:\Users\nivmanoh\Documents\SourceTree\apolloStandaloneAutomation\standalone automaton\spec\devices\import_spec.js:25:5)
    at addSpecsToSuite (c:\Users\nivmanoh\AppData\Roaming\npm\node_modules\protractor\node_modules\jasmine\node_modules\jasmine-core\lib\jasmine-core\jasmine.js:743:25)
    at Env.describe (c:\Users\nivmanoh\AppData\Roaming\npm\node_modules\protractor\node_modules\jasmine\node_modules\jasmine-core\lib\jasmine-core\jasmine.js:713:7)
    at jasmineInterface.describe (c:\Users\nivmanoh\AppData\Roaming\npm\node_modules\protractor\node_modules\jasmine\node_modules\jasmine-core\lib\jasmine-core\jasmine.js:3219:18)
    at Object.&amp;lt;anonymous&amp;gt; (c:\Users\nivmanoh\Documents\SourceTree\apolloStandaloneAutomation\standalone automaton\spec\devices\import_spec.js:12:1)
    at Module._compile (module.js:410:26)
    at Object.Module._extensions..js (module.js:417:10)
    at Module.load (module.js:344:32)
    at Function.Module._load (module.js:301:12)</failure></td></tr><tr><td>Import  file Check<td id="td-table-test-pass">Passed</td><td></td></tr><tr><td id="td-table-spec" colspan=3>Export from CSV</td></tr><tr><td>Export file<td id="td-table-test-pass">Passed</td><td></td></tr><tr><td>Export file<td id="td-table-test-pass">Passed</td><td></td></tr><tr><td>Export file DownloadIP / Hostname<td id="td-table-test-pass">Passed</td><td></td></tr><tr><td>Export file Compare IP / Hostname<td id="td-table-test-pass">Passed</td><td></td></tr><tr><td>Export file DownloadDevice Name<td id="td-table-test-pass">Passed</td><td></td></tr><tr><td>Export file Compare Device Name<td id="td-table-test-pass">Passed</td><td></td></tr><tr><td>Export file DownloadLocation<td id="td-table-test-pass">Passed</td><td></td></tr><tr><td>Export file Compare Location<td id="td-table-test-pass">Passed</td><td></td></tr><tr><td>Export file DownloadRecently Accessed<td id="td-table-test-pass">Passed</td><td></td></tr><tr><td>Export file Compare Recently Accessed<td id="td-table-test-pass">Passed</td><td></td></tr><tr><td id="td-table-spec" colspan=3>Select all icon</td></tr><tr><td>Select All<td id="td-table-test-pass">Passed</td><td></td></tr><tr><td>Select None<td id="td-table-test-pass">Passed</td><td></td></tr><tr><td id="td-table-spec" colspan=3>Filter</td></tr><tr><td>Filter Checker -Tag<td id="td-table-test-pass">Passed</td><td></td></tr><tr><td>Filter Checker -No Tags<td id="td-table-test-pass">Passed</td><td></td></tr><tr><td>Filter Checker -Favorites<td id="td-table-test-pass">Passed</td><td></td></tr><tr><td>Filter Checker -No Favorites<td id="td-table-test-pass">Passed</td><td></td></tr><tr><td id="td-table-spec" colspan=3>Sorting</td></tr><tr><td>Ascending CheckIP/Hostname<td id="td-table-test-pass">Passed</td><td></td></tr><tr><td>Descending Check - IP/Hostname<td id="td-table-test-pass">Passed</td><td></td></tr><tr><td>Ascending CheckDevice Name <td id="td-table-test-pass">Passed</td><td></td></tr><tr><td>Descending Check - Device Name <td id="td-table-test-pass">Passed</td><td></td></tr><tr><td>Ascending CheckLocation <td id="td-table-test-pass">Passed</td><td></td></tr><tr><td>Descending Check - Location <td id="td-table-test-pass">Passed</td><td></td></tr><tr><td id="td-table-spec" colspan=3>AP-1193</td></tr><tr><td>Header Menu : ElementPresent<td id="td-table-test-pass">Passed</td><td></td></tr><tr><td>Header Toolbar: ElementPresent<td id="td-table-test-pass">Passed</td><td></td></tr><tr><td>Quick Connect Toolbar: ElementPresent<td id="td-table-test-pass">Passed</td><td></td></tr><tr><td>Recent Connection Toolbar: ElementPresent<td id="td-table-test-pass">Passed</td><td></td></tr><tr><td>Search Toolbar: ElementPresent<td id="td-table-test-pass">Passed</td><td></td></tr><tr><td>Smart Toolbar: ElementPresent<td id="td-table-test-pass">Passed</td><td></td></tr><tr><td>Filter Toolbar: ElementPresent<td id="td-table-test-pass">Passed</td><td></td></tr><tr><td>Switch Input Toolbar: ElementPresent<td id="td-table-test-pass">Passed</td><td></td></tr><tr><td>Sort Toolbar: ElementPresent<td id="td-table-test-pass">Passed</td><td></td></tr><tr><td id="td-table-spec" colspan=3>Add Device tests</td></tr><tr><td>Check if Enhanced Login Flow is ON <td id="td-table-test-pass">Passed</td><td></td></tr><tr><td>Device Page_Add Device<td id="td-table-test-pass">Passed</td><td></td></tr><tr><td>Verify Connection through SmartCard Mandate Hostanme<td id="td-table-test-pass">Passed</td><td></td></tr><tr><td>Verify if Recent List gets updated : Latest connection Mandate Hostanme<td id="td-table-test-pass">Passed</td><td></td></tr><tr><td>Delete Device - Mandate Hostanme<td id="td-table-test-pass">Passed</td><td></td></tr><tr><td>Device Page_Add Device<td id="td-table-test-pass">Passed</td><td></td></tr><tr><td>Verify Connection through SmartCard All feilds<td id="td-table-test-pass">Passed</td><td></td></tr><tr><td>Verify if Recent List gets updated : Latest connection All feilds<td id="td-table-test-fail">Failed</td><td><failure type="toBe" message="Expected &apos;TestDeviceCisco&apos; to be &apos;172.18.194.79&apos;.">Error: Failed expectation
    at c:\Users\nivmanoh\Documents\SourceTree\apolloStandaloneAutomation\standalone automaton\spec\devices\addDevice_spec.js:118:34
    at [object Object].promise.Promise.goog.defineClass.invokeCallback_ (c:/Users/nivmanoh/AppData/Roaming/npm/node_modules/protractor/node_modules/selenium-webdriver/lib/goog/../webdriver/promise.js:1337:14)
    at [object Object].promise.ControlFlow.goog.defineClass.goog.defineClass.abort_.error.executeNext_.execute_ (c:/Users/nivmanoh/AppData/Roaming/npm/node_modules/protractor/node_modules/selenium-webdriver/lib/goog/../webdriver/promise.js:2776:14)
    at [object Object].promise.ControlFlow.goog.defineClass.goog.defineClass.abort_.error.executeNext_ (c:/Users/nivmanoh/AppData/Roaming/npm/node_modules/protractor/node_modules/selenium-webdriver/lib/goog/../webdriver/promise.js:2758:21)
    at goog.async.run.processWorkQueue (c:\Users\nivmanoh\AppData\Roaming\npm\node_modules\protractor\node_modules\selenium-webdriver\lib\goog\async\run.js:124:15)
    at process._tickCallback (node.js:368:9)</failure></td></tr><tr><td>Delete Device - All feilds<td id="td-table-test-pass">Passed</td><td></td></tr><tr><td>Device Page_Add Device<td id="td-table-test-pass">Passed</td><td></td></tr><tr><td>Verify Connection through SmartCard Mandate<td id="td-table-test-pass">Passed</td><td></td></tr><tr><td>Verify if Recent List gets updated : Latest connection Mandate<td id="td-table-test-pass">Passed</td><td></td></tr><tr><td>Delete Device - Mandate<td id="td-table-test-pass">Passed</td><td></td></tr><tr><td id="td-table-spec" colspan=3>Recent + Quick</td></tr><tr><td>Check if Enhanced Login Flow is ON <td id="td-table-test-pass">Passed</td><td></td></tr><tr><td>Verify if device gets added through Quick Connection 172.18.194.56<td id="td-table-test-fail">Failed</td><td><failure type="toEqual" message="Expected &apos;23&apos; to equal &apos;22&apos;.">Error: Failed expectation
    at Object.&amp;lt;anonymous&amp;gt; (c:\Users\nivmanoh\Documents\SourceTree\apolloStandaloneAutomation\standalone automaton\spec\devices\QuickRecent_spec.js:56:46)
    at c:\Users\nivmanoh\AppData\Roaming\npm\node_modules\protractor\node_modules\jasminewd2\index.js:96:23
    at [object Object].promise.Promise.goog.defineClass.constructor (c:/Users/nivmanoh/AppData/Roaming/npm/node_modules/protractor/node_modules/selenium-webdriver/lib/goog/../webdriver/promise.js:1056:7)
    at new wrappedCtr (c:\Users\nivmanoh\AppData\Roaming\npm\node_modules\protractor\node_modules\selenium-webdriver\lib\goog\base.js:2468:26)
    at controlFlowExecute (c:\Users\nivmanoh\AppData\Roaming\npm\node_modules\protractor\node_modules\jasminewd2\index.js:82:18)
    at [object Object].promise.ControlFlow.goog.defineClass.goog.defineClass.abort_.error.executeNext_.execute_ (c:/Users/nivmanoh/AppData/Roaming/npm/node_modules/protractor/node_modules/selenium-webdriver/lib/goog/../webdriver/promise.js:2776:14)
    at [object Object].promise.ControlFlow.goog.defineClass.goog.defineClass.abort_.error.executeNext_ (c:/Users/nivmanoh/AppData/Roaming/npm/node_modules/protractor/node_modules/selenium-webdriver/lib/goog/../webdriver/promise.js:2758:21)
    at goog.async.run.processWorkQueue (c:\Users\nivmanoh\AppData\Roaming\npm\node_modules\protractor\node_modules\selenium-webdriver\lib\goog\async\run.js:124:15)</failure></td></tr><tr><td>Verify if Recent List gets updated : Latest connection 172.18.194.56<td id="td-table-test-pass">Passed</td><td></td></tr><tr><td>Verify Connection through SmartCard172.18.194.56<td id="td-table-test-pass">Passed</td><td></td></tr><tr><td>Verify the recent List if it duplicates172.18.194.56<td id="td-table-test-fail">Failed</td><td><failure type="toBeFalsy" message="Expected true to be falsy.">Error: Failed expectation
    at c:\Users\nivmanoh\Documents\SourceTree\apolloStandaloneAutomation\standalone automaton\spec\devices\QuickRecent_spec.js:115:37
    at [object Object].promise.Promise.goog.defineClass.invokeCallback_ (c:/Users/nivmanoh/AppData/Roaming/npm/node_modules/protractor/node_modules/selenium-webdriver/lib/goog/../webdriver/promise.js:1337:14)
    at [object Object].promise.ControlFlow.goog.defineClass.goog.defineClass.abort_.error.executeNext_.execute_ (c:/Users/nivmanoh/AppData/Roaming/npm/node_modules/protractor/node_modules/selenium-webdriver/lib/goog/../webdriver/promise.js:2776:14)
    at [object Object].promise.ControlFlow.goog.defineClass.goog.defineClass.abort_.error.executeNext_ (c:/Users/nivmanoh/AppData/Roaming/npm/node_modules/protractor/node_modules/selenium-webdriver/lib/goog/../webdriver/promise.js:2758:21)
    at goog.async.run.processWorkQueue (c:\Users\nivmanoh\AppData\Roaming\npm\node_modules\protractor\node_modules\selenium-webdriver\lib\goog\async\run.js:124:15)
    at process._tickCallback (node.js:368:9)</failure></td></tr><tr><td>Verify the Connection through recentList172.18.194.56<td id="td-table-test-pass">Passed</td><td></td></tr><tr><td>Verify the recent List if it duplicates172.18.194.56<td id="td-table-test-fail">Failed</td><td><failure type="toBeFalsy" message="Expected true to be falsy.">Error: Failed expectation
    at c:\Users\nivmanoh\Documents\SourceTree\apolloStandaloneAutomation\standalone automaton\spec\devices\QuickRecent_spec.js:160:37
    at [object Object].promise.Promise.goog.defineClass.invokeCallback_ (c:/Users/nivmanoh/AppData/Roaming/npm/node_modules/protractor/node_modules/selenium-webdriver/lib/goog/../webdriver/promise.js:1337:14)
    at [object Object].promise.ControlFlow.goog.defineClass.goog.defineClass.abort_.error.executeNext_.execute_ (c:/Users/nivmanoh/AppData/Roaming/npm/node_modules/protractor/node_modules/selenium-webdriver/lib/goog/../webdriver/promise.js:2776:14)
    at [object Object].promise.ControlFlow.goog.defineClass.goog.defineClass.abort_.error.executeNext_ (c:/Users/nivmanoh/AppData/Roaming/npm/node_modules/protractor/node_modules/selenium-webdriver/lib/goog/../webdriver/promise.js:2758:21)
    at goog.async.run.processWorkQueue (c:\Users\nivmanoh\AppData\Roaming\npm\node_modules\protractor\node_modules\selenium-webdriver\lib\goog\async\run.js:124:15)
    at process._tickCallback (node.js:368:9)</failure></td></tr><tr><td>Delete Device - 172.18.194.56<td id="td-table-test-pass">Passed</td><td></td></tr><tr><td id="td-table-spec" colspan=3>Add Device tests</td></tr><tr><td>Device Page_Add Device<td id="td-table-test-pass">Passed</td><td></td></tr><tr><td>verify Tag in edit modal<td id="td-table-test-pass">Passed</td><td></td></tr><tr><td>verify Tag updation in edit modal<td id="td-table-test-pass">Passed</td><td></td></tr><tr><td>Delete Tag<td id="td-table-test-pass">Passed</td><td></td></tr><tr><td>Add Tag in Bulk Action<td id="td-table-test-pass">Passed</td><td></td></tr><tr><td>verify Tag updation in edit modal<td id="td-table-test-pass">Passed</td><td></td></tr><tr><td>Delete Tag Modal<td id="td-table-test-pass">Passed</td><td></td></tr><tr><td>Delete Device - Mandate Hostanme<td id="td-table-test-pass">Passed</td><td></td></tr><tr><td>Device Page_Add Device<td id="td-table-test-pass">Passed</td><td></td></tr><tr><td>verify Tag in edit modal<td id="td-table-test-pass">Passed</td><td></td></tr><tr><td>verify Tag updation in edit modal<td id="td-table-test-pass">Passed</td><td></td></tr><tr><td>Delete Tag<td id="td-table-test-pass">Passed</td><td></td></tr><tr><td>Add Tag in Bulk Action<td id="td-table-test-pass">Passed</td><td></td></tr><tr><td>verify Tag updation in edit modal<td id="td-table-test-pass">Passed</td><td></td></tr><tr><td>Delete Tag Modal<td id="td-table-test-pass">Passed</td><td></td></tr><tr><td>Delete Device - All feilds<td id="td-table-test-pass">Passed</td><td></td></tr></table></body></html>